  [1m[36m (1168.9ms)[0m  [1mCREATE DATABASE "blog_development" ENCODING = 'unicode'[0m
DEPRECATION WARNING: Defining a route where `to` is a controller without an action is deprecated. Please change `to: 'home'` to `controller: 'home'`. (called from block in <top (required)> at /home/lucas/Codecore/project1/blog/config/routes.rb:4)
DEPRECATION WARNING: Defining a route where `to` is a controller without an action is deprecated. Please change `to: 'home'` to `controller: 'home'`. (called from block in <top (required)> at /home/lucas/Codecore/project1/blog/config/routes.rb:4)


Started GET "/rails/info" for 127.0.0.1 at 2016-04-07 09:19:47 -0700
Processing by Rails::InfoController#index as HTML
Redirected to http://localhost:3000/rails/info/routes
Completed 302 Found in 28ms (ActiveRecord: 0.0ms)


Started GET "/rails/info" for 127.0.0.1 at 2016-04-07 09:19:48 -0700
Processing by Rails::InfoController#index as HTML
Redirected to http://localhost:3000/rails/info/routes
Completed 302 Found in 0ms (ActiveRecord: 0.0ms)


Started GET "/rails/info/routes" for 127.0.0.1 at 2016-04-07 09:19:48 -0700
Processing by Rails::InfoController#routes as HTML
  Rendered /home/lucas/.rvm/gems/ruby-2.2.3/gems/actionpack-4.2.6/lib/action_dispatch/middleware/templates/routes/_route.html.erb (0.7ms)
  Rendered /home/lucas/.rvm/gems/ruby-2.2.3/gems/actionpack-4.2.6/lib/action_dispatch/middleware/templates/routes/_table.html.erb (22.1ms)
  Rendered /home/lucas/.rvm/gems/ruby-2.2.3/gems/railties-4.2.6/lib/rails/templates/rails/info/routes.html.erb within layouts/application (45.7ms)
Completed 200 OK in 99ms (Views: 98.9ms | ActiveRecord: 0.0ms)


Started GET "/" for 127.0.0.1 at 2016-04-07 09:19:56 -0700
Processing by Rails::WelcomeController#index as HTML
  Rendered /home/lucas/.rvm/gems/ruby-2.2.3/gems/railties-4.2.6/lib/rails/templates/rails/welcome/index.html.erb (0.7ms)
Completed 200 OK in 13ms (Views: 12.2ms | ActiveRecord: 0.0ms)


Started GET "/home" for 127.0.0.1 at 2016-04-07 09:20:06 -0700
Processing by HomeController#index as HTML
  Rendered home/index.html.erb within layouts/application (0.3ms)
Completed 200 OK in 1905ms (Views: 1904.2ms | ActiveRecord: 0.0ms)


Started GET "/assets/home.self-e3b0c44298fc1c149afbf4c8996fb92427ae41e4649b934ca495991b7852b855.css?body=1" for 127.0.0.1 at 2016-04-07 09:20:09 -0700


Started GET "/assets/home.self-877aef30ae1b040ab8a3aba4e3e309a11d7f2612f44dde450b5c157aa5f95c05.js?body=1" for 127.0.0.1 at 2016-04-07 09:20:09 -0700


Started GET "/about" for 127.0.0.1 at 2016-04-07 09:20:11 -0700
Processing by HomeController#about as HTML
Completed 500 Internal Server Error in 8ms (ActiveRecord: 0.0ms)

NoMethodError (undefined method `erb' for #<HomeController:0x007f2190f1f6b8>):
  app/controllers/home_controller.rb:5:in `about'


  Rendered /home/lucas/.rvm/gems/ruby-2.2.3/gems/actionpack-4.2.6/lib/action_dispatch/middleware/templates/rescues/_source.erb (3.8ms)
  Rendered /home/lucas/.rvm/gems/ruby-2.2.3/gems/actionpack-4.2.6/lib/action_dispatch/middleware/templates/rescues/_trace.html.erb (2.2ms)
  Rendered /home/lucas/.rvm/gems/ruby-2.2.3/gems/actionpack-4.2.6/lib/action_dispatch/middleware/templates/rescues/_request_and_response.html.erb (2.3ms)
  Rendered /home/lucas/.rvm/gems/ruby-2.2.3/gems/actionpack-4.2.6/lib/action_dispatch/middleware/templates/rescues/diagnostics.html.erb within rescues/layout (23.3ms)
  Rendered /home/lucas/.rvm/gems/ruby-2.2.3/gems/web-console-2.3.0/lib/web_console/templates/_markup.html.erb (0.4ms)
  Rendered /home/lucas/.rvm/gems/ruby-2.2.3/gems/web-console-2.3.0/lib/web_console/templates/_inner_console_markup.html.erb within layouts/inlined_string (0.3ms)
  Rendered /home/lucas/.rvm/gems/ruby-2.2.3/gems/web-console-2.3.0/lib/web_console/templates/_prompt_box_markup.html.erb within layouts/inlined_string (0.3ms)
  Rendered /home/lucas/.rvm/gems/ruby-2.2.3/gems/web-console-2.3.0/lib/web_console/templates/style.css.erb within layouts/inlined_string (0.4ms)
  Rendered /home/lucas/.rvm/gems/ruby-2.2.3/gems/web-console-2.3.0/lib/web_console/templates/console.js.erb within layouts/javascript (75.1ms)
  Rendered /home/lucas/.rvm/gems/ruby-2.2.3/gems/web-console-2.3.0/lib/web_console/templates/main.js.erb within layouts/javascript (0.4ms)
  Rendered /home/lucas/.rvm/gems/ruby-2.2.3/gems/web-console-2.3.0/lib/web_console/templates/error_page.js.erb within layouts/javascript (0.3ms)
  Rendered /home/lucas/.rvm/gems/ruby-2.2.3/gems/web-console-2.3.0/lib/web_console/templates/index.html.erb (114.1ms)


Started GET "/about" for 127.0.0.1 at 2016-04-07 09:20:11 -0700
Processing by HomeController#about as HTML
Completed 500 Internal Server Error in 9ms (ActiveRecord: 0.0ms)

NoMethodError (undefined method `erb' for #<HomeController:0x000000041d0020>):
  app/controllers/home_controller.rb:5:in `about'


  Rendered /home/lucas/.rvm/gems/ruby-2.2.3/gems/actionpack-4.2.6/lib/action_dispatch/middleware/templates/rescues/_source.erb (3.3ms)
  Rendered /home/lucas/.rvm/gems/ruby-2.2.3/gems/actionpack-4.2.6/lib/action_dispatch/middleware/templates/rescues/_trace.html.erb (3.1ms)
  Rendered /home/lucas/.rvm/gems/ruby-2.2.3/gems/actionpack-4.2.6/lib/action_dispatch/middleware/templates/rescues/_request_and_response.html.erb (0.8ms)
  Rendered /home/lucas/.rvm/gems/ruby-2.2.3/gems/actionpack-4.2.6/lib/action_dispatch/middleware/templates/rescues/diagnostics.html.erb within rescues/layout (53.7ms)
  Rendered /home/lucas/.rvm/gems/ruby-2.2.3/gems/web-console-2.3.0/lib/web_console/templates/_markup.html.erb (0.3ms)
  Rendered /home/lucas/.rvm/gems/ruby-2.2.3/gems/web-console-2.3.0/lib/web_console/templates/_inner_console_markup.html.erb within layouts/inlined_string (2.4ms)
  Rendered /home/lucas/.rvm/gems/ruby-2.2.3/gems/web-console-2.3.0/lib/web_console/templates/_prompt_box_markup.html.erb within layouts/inlined_string (0.4ms)
  Rendered /home/lucas/.rvm/gems/ruby-2.2.3/gems/web-console-2.3.0/lib/web_console/templates/style.css.erb within layouts/inlined_string (0.4ms)
  Rendered /home/lucas/.rvm/gems/ruby-2.2.3/gems/web-console-2.3.0/lib/web_console/templates/console.js.erb within layouts/javascript (35.4ms)
  Rendered /home/lucas/.rvm/gems/ruby-2.2.3/gems/web-console-2.3.0/lib/web_console/templates/main.js.erb within layouts/javascript (0.2ms)
  Rendered /home/lucas/.rvm/gems/ruby-2.2.3/gems/web-console-2.3.0/lib/web_console/templates/error_page.js.erb within layouts/javascript (0.4ms)
  Rendered /home/lucas/.rvm/gems/ruby-2.2.3/gems/web-console-2.3.0/lib/web_console/templates/index.html.erb (62.6ms)


Started GET "/about" for 127.0.0.1 at 2016-04-07 09:21:57 -0700
Processing by HomeController#about as HTML
  Rendered home/about.html.erb within layouts/application (0.3ms)
Completed 200 OK in 35ms (Views: 34.7ms | ActiveRecord: 0.0ms)


Started GET "/assets/home.self-e3b0c44298fc1c149afbf4c8996fb92427ae41e4649b934ca495991b7852b855.css?body=1" for 127.0.0.1 at 2016-04-07 09:21:58 -0700


Started GET "/assets/application.self-e80e8f2318043e8af94dddc2adad5a4f09739a8ebb323b3ab31cd71d45fd9113.css?body=1" for 127.0.0.1 at 2016-04-07 09:21:58 -0700


Started GET "/assets/jquery.self-660adc51e0224b731d29f575a6f1ec167ba08ad06ed5deca4f1e8654c135bf4c.js?body=1" for 127.0.0.1 at 2016-04-07 09:21:58 -0700


Started GET "/assets/jquery_ujs.self-e87806d0cf4489aeb1bb7288016024e8de67fd18db693fe026fe3907581e53cd.js?body=1" for 127.0.0.1 at 2016-04-07 09:21:58 -0700


Started GET "/assets/home.self-877aef30ae1b040ab8a3aba4e3e309a11d7f2612f44dde450b5c157aa5f95c05.js?body=1" for 127.0.0.1 at 2016-04-07 09:21:58 -0700


Started GET "/assets/turbolinks.self-c37727e9bd6b2735da5c311aa83fead54ed0be6cc8bd9a65309e9c5abe2cbfff.js?body=1" for 127.0.0.1 at 2016-04-07 09:21:58 -0700


Started GET "/assets/application.self-3b8dabdc891efe46b9a144b400ad69e37d7e5876bdc39dee783419a69d7ca819.js?body=1" for 127.0.0.1 at 2016-04-07 09:21:58 -0700


Started GET "/about" for 127.0.0.1 at 2016-04-07 09:22:32 -0700
Processing by HomeController#about as HTML
  Rendered home/about.html.erb within layouts/application (0.4ms)
Completed 200 OK in 24ms (Views: 23.6ms | ActiveRecord: 0.0ms)


Started GET "/assets/home.self-e3b0c44298fc1c149afbf4c8996fb92427ae41e4649b934ca495991b7852b855.css?body=1" for 127.0.0.1 at 2016-04-07 09:22:33 -0700


Started GET "/assets/application.self-e80e8f2318043e8af94dddc2adad5a4f09739a8ebb323b3ab31cd71d45fd9113.css?body=1" for 127.0.0.1 at 2016-04-07 09:22:33 -0700


Started GET "/assets/jquery.self-660adc51e0224b731d29f575a6f1ec167ba08ad06ed5deca4f1e8654c135bf4c.js?body=1" for 127.0.0.1 at 2016-04-07 09:22:33 -0700


Started GET "/assets/jquery_ujs.self-e87806d0cf4489aeb1bb7288016024e8de67fd18db693fe026fe3907581e53cd.js?body=1" for 127.0.0.1 at 2016-04-07 09:22:33 -0700


Started GET "/assets/turbolinks.self-c37727e9bd6b2735da5c311aa83fead54ed0be6cc8bd9a65309e9c5abe2cbfff.js?body=1" for 127.0.0.1 at 2016-04-07 09:22:33 -0700


Started GET "/assets/application.self-3b8dabdc891efe46b9a144b400ad69e37d7e5876bdc39dee783419a69d7ca819.js?body=1" for 127.0.0.1 at 2016-04-07 09:22:33 -0700


Started GET "/assets/home.self-877aef30ae1b040ab8a3aba4e3e309a11d7f2612f44dde450b5c157aa5f95c05.js?body=1" for 127.0.0.1 at 2016-04-07 09:22:33 -0700


Started GET "/about" for 127.0.0.1 at 2016-04-07 09:22:53 -0700
Processing by HomeController#about as HTML
  Rendered home/about.html.erb within layouts/application (0.0ms)
Completed 200 OK in 35ms (Views: 34.5ms | ActiveRecord: 0.0ms)


Started GET "/assets/home.self-e3b0c44298fc1c149afbf4c8996fb92427ae41e4649b934ca495991b7852b855.css?body=1" for 127.0.0.1 at 2016-04-07 09:22:53 -0700


Started GET "/assets/application.self-e80e8f2318043e8af94dddc2adad5a4f09739a8ebb323b3ab31cd71d45fd9113.css?body=1" for 127.0.0.1 at 2016-04-07 09:22:54 -0700


Started GET "/assets/jquery.self-660adc51e0224b731d29f575a6f1ec167ba08ad06ed5deca4f1e8654c135bf4c.js?body=1" for 127.0.0.1 at 2016-04-07 09:22:54 -0700


Started GET "/assets/turbolinks.self-c37727e9bd6b2735da5c311aa83fead54ed0be6cc8bd9a65309e9c5abe2cbfff.js?body=1" for 127.0.0.1 at 2016-04-07 09:22:54 -0700


Started GET "/assets/home.self-877aef30ae1b040ab8a3aba4e3e309a11d7f2612f44dde450b5c157aa5f95c05.js?body=1" for 127.0.0.1 at 2016-04-07 09:22:54 -0700


Started GET "/assets/jquery_ujs.self-e87806d0cf4489aeb1bb7288016024e8de67fd18db693fe026fe3907581e53cd.js?body=1" for 127.0.0.1 at 2016-04-07 09:22:54 -0700


Started GET "/assets/application.self-3b8dabdc891efe46b9a144b400ad69e37d7e5876bdc39dee783419a69d7ca819.js?body=1" for 127.0.0.1 at 2016-04-07 09:22:54 -0700


Started GET "/about" for 127.0.0.1 at 2016-04-07 09:22:56 -0700
Processing by HomeController#about as HTML
  Rendered home/about.html.erb within layouts/application (0.4ms)
Completed 200 OK in 28ms (Views: 27.1ms | ActiveRecord: 0.0ms)


Started GET "/home" for 127.0.0.1 at 2016-04-07 09:22:58 -0700
Processing by HomeController#index as HTML
  Rendered home/index.html.erb within layouts/application (0.2ms)
Completed 200 OK in 23ms (Views: 22.6ms | ActiveRecord: 0.0ms)


Started GET "/about" for 127.0.0.1 at 2016-04-07 09:22:59 -0700
Processing by HomeController#about as HTML
  Rendered home/about.html.erb within layouts/application (0.0ms)
Completed 200 OK in 32ms (Views: 31.3ms | ActiveRecord: 0.0ms)
